Build started 9/5/2019 4:30:52 PM.
     1>Project "Y:\CZ2001 Lab 2\CZ2001 Lab 2\CZ2001 Lab 2.vcxproj" on node 2 (build target(s)).
     1>InitializeBuildStatus:
         Creating "Debug\CZ2001 Lab 2.unsuccessfulbuild" because "AlwaysCreate" was specified.
       GenerateTargetFrameworkMonikerAttribute:
       Skipping target "GenerateTargetFrameworkMonikerAttribute" because all output files are up-to-date with respect to the input files.
       ClCompile:
         All outputs are up-to-date.
         c:\Program Files (x86)\Microsoft Visual Studio 10.0\VC\bin\CL.exe /c /AI"C:\Program Files (x86)\Reference Assemblies\Microsoft\Framework\.NETFramework\v4.0" /Zi /clr /nologo /W3 /WX- /Od /Oy- /D WIN32 /D _DEBUG /D _UNICODE /D UNICODE /EHa /MDd /GS /fp:precise /Zc:wchar_t /Zc:forScope /Yu"StdAfx.h" /Fp"Debug\CZ2001 Lab 2.pch" /Fo"Debug\\" /Fd"Debug\vc100.pdb" /TP /FU"C:\Program Files (x86)\Reference Assemblies\Microsoft\Framework\.NETFramework\v4.0\System.Core.dll" /FU"C:\Program Files (x86)\Reference Assemblies\Microsoft\Framework\.NETFramework\v4.0\System.Data.dll" /FU"C:\Program Files (x86)\Reference Assemblies\Microsoft\Framework\.NETFramework\v4.0\System.dll" /FU"C:\Program Files (x86)\Reference Assemblies\Microsoft\Framework\.NETFramework\v4.0\System.Xml.dll" /analyze- /errorReport:prompt "CZ2001 Lab 2.cpp" /clr:nostdlib 
         CZ2001 Lab 2.cpp
         All outputs are up-to-date.
       ResourceCompile:
         All outputs are up-to-date.
       Link:
         c:\Program Files (x86)\Microsoft Visual Studio 10.0\VC\bin\link.exe /ERRORREPORT:PROMPT /OUT:"Y:\CZ2001 Lab 2\Debug\CZ2001 Lab 2.exe" /INCREMENTAL /NOLOGO /MANIFEST /ManifestFile:"Debug\CZ2001 Lab 2.exe.intermediate.manifest" /MANIFESTUAC:"level='asInvoker' uiAccess='false'" /DEBUG /PDB:"Y:\CZ2001 Lab 2\Debug\CZ2001 Lab 2.pdb" /ASSEMBLYDEBUG /TLBID:1 /DYNAMICBASE /FIXED:NO /NXCOMPAT /MACHINE:X86 Debug\app.res
         Debug\AssemblyInfo.obj
         "Debug\CZ2001 Lab 2.obj"
         Debug\stdafx.obj
         "Debug\.NETFramework,Version=v4.0.AssemblyAttributes.obj"
         CZ2001 Lab 2.vcxproj -> Y:\CZ2001 Lab 2\Debug\CZ2001 Lab 2.exe
       Manifest:
         C:\Program Files (x86)\Microsoft SDKs\Windows\v7.0A\bin\mt.exe /nologo /verbose /outputresource:"Y:\CZ2001 Lab 2\Debug\CZ2001 Lab 2.exe;#1" /manifest "Debug\CZ2001 Lab 2.exe.intermediate.manifest"
       FinalizeBuildStatus:
         Deleting file "Debug\CZ2001 Lab 2.unsuccessfulbuild".
         Touching "Debug\CZ2001 Lab 2.lastbuildstate".
     1>Done Building Project "Y:\CZ2001 Lab 2\CZ2001 Lab 2\CZ2001 Lab 2.vcxproj" (build target(s)).

Build succeeded.

Time Elapsed 00:00:03.38
